Exception in thread "Thread-9" Exception in thread "Thread-7" java.lang.ClassCastException: class javax.swing.plaf.nimbus.DerivedColor$UIResource cannot be cast to class java.lang.Boolean (javax.swing.plaf.nimbus.DerivedColor$UIResource is in module java.desktop of loader 'bootstrap'; java.lang.Boolean is in module java.base of loader 'bootstrap')
	at java.desktop/javax.swing.plaf.nimbus.NimbusStyle.isOpaque(NimbusStyle.java:621)
	at java.desktop/javax.swing.plaf.synth.SynthStyle.installDefaults(SynthStyle.java:947)
	at java.desktop/javax.swing.plaf.nimbus.NimbusStyle.installDefaults(NimbusStyle.java:236)
	at java.desktop/javax.swing.plaf.synth.SynthStyle.installDefaults(SynthStyle.java:918)
	at java.desktop/javax.swing.plaf.synth.SynthLookAndFeel.updateStyle(SynthLookAndFeel.java:297)
	at java.desktop/javax.swing.plaf.synth.SynthPopupMenuUI.updateStyle(SynthPopupMenuUI.java:79)
	at java.desktop/javax.swing.plaf.synth.SynthPopupMenuUI.installDefaults(SynthPopupMenuUI.java:73)
	at java.desktop/javax.swing.plaf.basic.BasicPopupMenuUI.installUI(BasicPopupMenuUI.java:96)
	at java.desktop/javax.swing.JComponent.setUI(JComponent.java:740)
	at java.desktop/javax.swing.JPopupMenu.setUI(JPopupMenu.java:233)
	at java.desktop/javax.swing.JPopupMenu.updateUI(JPopupMenu.java:242)
	at java.desktop/javax.swing.JPopupMenu.<init>(JPopupMenu.java:210)
	at org.jfree.chart.ChartPanel.createPopupMenu(ChartPanel.java:3070)
	at org.jfree.chart.ChartPanel.<init>(ChartPanel.java:737)
	at org.jfree.chart.ChartPanel.<init>(ChartPanel.java:683)
	at org.jfree.chart.ChartPanel.<init>(ChartPanel.java:567)
	at PieChartPanel.run(PieChartPanel.java:26)
	at java.base/java.lang.Thread.run(Thread.java:1583)
java.lang.ClassCastException: class javax.swing.plaf.nimbus.DerivedColor$UIResource cannot be cast to class java.awt.Font (javax.swing.plaf.nimbus.DerivedColor$UIResource and java.awt.Font are in module java.desktop of loader 'bootstrap')
	at java.desktop/javax.swing.plaf.nimbus.NimbusStyle.getFontForState(NimbusStyle.java:580)
	at java.desktop/javax.swing.plaf.synth.SynthStyle.installDefaults(SynthStyle.java:935)
	at java.desktop/javax.swing.plaf.nimbus.NimbusStyle.installDefaults(NimbusStyle.java:236)
	at java.desktop/javax.swing.plaf.synth.SynthStyle.installDefaults(SynthStyle.java:918)
	at java.desktop/javax.swing.plaf.synth.SynthLookAndFeel.updateStyle(SynthLookAndFeel.java:297)
	at java.desktop/javax.swing.plaf.synth.SynthPopupMenuUI.updateStyle(SynthPopupMenuUI.java:79)
	at java.desktop/javax.swing.plaf.synth.SynthPopupMenuUI.installDefaults(SynthPopupMenuUI.java:73)
	at java.desktop/javax.swing.plaf.basic.BasicPopupMenuUI.installUI(BasicPopupMenuUI.java:96)
	at java.desktop/javax.swing.JComponent.setUI(JComponent.java:740)
	at java.desktop/javax.swing.JPopupMenu.setUI(JPopupMenu.java:233)
	at java.desktop/javax.swing.JPopupMenu.updateUI(JPopupMenu.java:242)
	at java.desktop/javax.swing.JPopupMenu.<init>(JPopupMenu.java:210)
	at org.jfree.chart.ChartPanel.createPopupMenu(ChartPanel.java:3070)
	at org.jfree.chart.ChartPanel.<init>(ChartPanel.java:737)
	at org.jfree.chart.ChartPanel.<init>(ChartPanel.java:683)
	at org.jfree.chart.ChartPanel.<init>(ChartPanel.java:567)
	at PieChartPanel.run(PieChartPanel.java:26)
	at java.base/java.lang.Thread.run(Thread.java:1583)
Exception in thread "Thread-12" Exception in thread "Thread-4" java.lang.ClassCastException: class java.lang.Integer cannot be cast to class java.lang.Boolean (java.lang.Integer and java.lang.Boolean are in module java.base of loader 'bootstrap')
	at java.desktop/javax.swing.plaf.nimbus.NimbusStyle.isOpaque(NimbusStyle.java:621)
	at java.desktop/javax.swing.plaf.synth.SynthStyle.installDefaults(SynthStyle.java:947)
	at java.desktop/javax.swing.plaf.nimbus.NimbusStyle.installDefaults(NimbusStyle.java:236)
	at java.desktop/javax.swing.plaf.synth.SynthStyle.installDefaults(SynthStyle.java:918)
	at java.desktop/javax.swing.plaf.synth.SynthLookAndFeel.updateStyle(SynthLookAndFeel.java:297)
	at java.desktop/javax.swing.plaf.synth.SynthMenuItemUI.updateStyle(SynthMenuItemUI.java:102)
	at java.desktop/javax.swing.plaf.synth.SynthMenuItemUI.installDefaults(SynthMenuItemUI.java:86)
	at java.desktop/javax.swing.plaf.basic.BasicMenuItemUI.installUI(BasicMenuItemUI.java:158)
	at java.desktop/javax.swing.JComponent.setUI(JComponent.java:740)
	at java.desktop/javax.swing.AbstractButton.setUI(AbstractButton.java:1758)
	at java.desktop/javax.swing.JMenuItem.setUI(JMenuItem.java:246)
	at java.desktop/javax.swing.JMenuItem.updateUI(JMenuItem.java:255)
	at java.desktop/javax.swing.JMenuItem.init(JMenuItem.java:220)
	at java.desktop/javax.swing.JMenuItem.<init>(JMenuItem.java:159)
	at java.desktop/javax.swing.JMenuItem.<init>(JMenuItem.java:136)
	at org.jfree.chart.ChartPanel.createPopupMenu(ChartPanel.java:3100)
	at org.jfree.chart.ChartPanel.<init>(ChartPanel.java:737)
	at org.jfree.chart.ChartPanel.<init>(ChartPanel.java:683)
	at org.jfree.chart.ChartPanel.<init>(ChartPanel.java:567)
	at LineChartPanel.run(LineChartPanel.java:37)
	at java.base/java.lang.Thread.run(Thread.java:1583)
java.lang.ClassCastException: class javax.swing.plaf.nimbus.DerivedColor$UIResource cannot be cast to class java.lang.Boolean (javax.swing.plaf.nimbus.DerivedColor$UIResource is in module java.desktop of loader 'bootstrap'; java.lang.Boolean is in module java.base of loader 'bootstrap')
	at java.desktop/javax.swing.plaf.nimbus.NimbusStyle.isOpaque(NimbusStyle.java:621)
	at java.desktop/javax.swing.plaf.synth.SynthStyle.installDefaults(SynthStyle.java:947)
	at java.desktop/javax.swing.plaf.nimbus.NimbusStyle.installDefaults(NimbusStyle.java:236)
	at java.desktop/javax.swing.plaf.synth.SynthStyle.installDefaults(SynthStyle.java:918)
	at java.desktop/javax.swing.plaf.synth.SynthLookAndFeel.updateStyle(SynthLookAndFeel.java:297)
	at java.desktop/javax.swing.plaf.synth.SynthMenuItemUI.updateStyle(SynthMenuItemUI.java:102)
	at java.desktop/javax.swing.plaf.synth.SynthMenuItemUI.installDefaults(SynthMenuItemUI.java:86)
	at java.desktop/javax.swing.plaf.basic.BasicMenuItemUI.installUI(BasicMenuItemUI.java:158)
	at java.desktop/javax.swing.JComponent.setUI(JComponent.java:740)
	at java.desktop/javax.swing.AbstractButton.setUI(AbstractButton.java:1758)
	at java.desktop/javax.swing.JMenuItem.setUI(JMenuItem.java:246)
	at java.desktop/javax.swing.JMenuItem.updateUI(JMenuItem.java:255)
	at java.desktop/javax.swing.JMenuItem.init(JMenuItem.java:220)
	at java.desktop/javax.swing.JMenuItem.<init>(JMenuItem.java:159)
	at java.desktop/javax.swing.JMenuItem.<init>(JMenuItem.java:136)
	at org.jfree.chart.ChartPanel.createPopupMenu(ChartPanel.java:3100)
	at org.jfree.chart.ChartPanel.<init>(ChartPanel.java:737)
	at org.jfree.chart.ChartPanel.<init>(ChartPanel.java:683)
	at org.jfree.chart.ChartPanel.<init>(ChartPanel.java:567)
	at LineChartPanel.run(LineChartPanel.java:37)
	at java.base/java.lang.Thread.run(Thread.java:1583)
Exception in thread "Thread-11" java.lang.ClassCastException: class java.lang.Boolean cannot be cast to class java.awt.Color (java.lang.Boolean is in module java.base of loader 'bootstrap'; java.awt.Color is in module java.desktop of loader 'bootstrap')
	at java.desktop/javax.swing.plaf.nimbus.NimbusStyle.getColorForState(NimbusStyle.java:565)
	at java.desktop/javax.swing.plaf.synth.SynthStyle.installDefaults(SynthStyle.java:939)
	at java.desktop/javax.swing.plaf.nimbus.NimbusStyle.installDefaults(NimbusStyle.java:236)
	at java.desktop/javax.swing.plaf.synth.SynthStyle.installDefaults(SynthStyle.java:918)
	at java.desktop/javax.swing.plaf.synth.SynthLookAndFeel.updateStyle(SynthLookAndFeel.java:297)
	at java.desktop/javax.swing.plaf.synth.SynthPopupMenuUI.updateStyle(SynthPopupMenuUI.java:79)
	at java.desktop/javax.swing.plaf.synth.SynthPopupMenuUI.installDefaults(SynthPopupMenuUI.java:73)
	at java.desktop/javax.swing.plaf.basic.BasicPopupMenuUI.installUI(BasicPopupMenuUI.java:96)
	at java.desktop/javax.swing.JPopupMenu.setInvoker(JPopupMenu.java:949)
	at java.desktop/javax.swing.JMenu.ensurePopupMenuCreated(JMenu.java:534)
	at java.desktop/javax.swing.JMenu.add(JMenu.java:566)
	at org.jfree.chart.ChartPanel.createPopupMenu(ChartPanel.java:3104)
	at org.jfree.chart.ChartPanel.<init>(ChartPanel.java:737)
	at org.jfree.chart.ChartPanel.<init>(ChartPanel.java:683)
	at org.jfree.chart.ChartPanel.<init>(ChartPanel.java:567)
	at PieChartPanel.run(PieChartPanel.java:26)
	at java.base/java.lang.Thread.run(Thread.java:1583)
Exception in thread "Thread-3" java.lang.ClassCastException: class javax.swing.plaf.nimbus.DerivedColor$UIResource cannot be cast to class java.lang.Boolean (javax.swing.plaf.nimbus.DerivedColor$UIResource is in module java.desktop of loader 'bootstrap'; java.lang.Boolean is in module java.base of loader 'bootstrap')
	at java.desktop/javax.swing.plaf.nimbus.NimbusStyle.isOpaque(NimbusStyle.java:621)
	at java.desktop/javax.swing.plaf.synth.SynthStyle.installDefaults(SynthStyle.java:947)
	at java.desktop/javax.swing.plaf.nimbus.NimbusStyle.installDefaults(NimbusStyle.java:236)
	at java.desktop/javax.swing.plaf.synth.SynthStyle.installDefaults(SynthStyle.java:918)
	at java.desktop/javax.swing.plaf.synth.SynthLookAndFeel.updateStyle(SynthLookAndFeel.java:297)
	at java.desktop/javax.swing.plaf.synth.SynthPopupMenuUI.updateStyle(SynthPopupMenuUI.java:79)
	at java.desktop/javax.swing.plaf.synth.SynthPopupMenuUI.installDefaults(SynthPopupMenuUI.java:73)
	at java.desktop/javax.swing.plaf.basic.BasicPopupMenuUI.installUI(BasicPopupMenuUI.java:96)
	at java.desktop/javax.swing.JPopupMenu.setInvoker(JPopupMenu.java:949)
	at java.desktop/javax.swing.JMenu.ensurePopupMenuCreated(JMenu.java:534)
	at java.desktop/javax.swing.JMenu.add(JMenu.java:566)
	at org.jfree.chart.ChartPanel.createPopupMenu(ChartPanel.java:3149)
	at org.jfree.chart.ChartPanel.<init>(ChartPanel.java:737)
	at org.jfree.chart.ChartPanel.<init>(ChartPanel.java:683)
	at org.jfree.chart.ChartPanel.<init>(ChartPanel.java:567)
	at PieChartPanel.run(PieChartPanel.java:26)
	at java.base/java.lang.Thread.run(Thread.java:1583)
Exception in thread "Thread-13" java.lang.ClassCastException: class javax.swing.plaf.nimbus.DerivedColor$UIResource cannot be cast to class java.awt.Font (javax.swing.plaf.nimbus.DerivedColor$UIResource and java.awt.Font are in module java.desktop of loader 'bootstrap')
	at java.desktop/javax.swing.plaf.nimbus.NimbusStyle.getFontForState(NimbusStyle.java:580)
	at java.desktop/javax.swing.plaf.synth.SynthStyle.installDefaults(SynthStyle.java:935)
	at java.desktop/javax.swing.plaf.nimbus.NimbusStyle.installDefaults(NimbusStyle.java:236)
	at java.desktop/javax.swing.plaf.synth.SynthStyle.installDefaults(SynthStyle.java:918)
	at java.desktop/javax.swing.plaf.synth.SynthLookAndFeel.updateStyle(SynthLookAndFeel.java:297)
	at java.desktop/javax.swing.plaf.synth.SynthMenuItemUI.updateStyle(SynthMenuItemUI.java:102)
	at java.desktop/javax.swing.plaf.synth.SynthMenuItemUI.installDefaults(SynthMenuItemUI.java:86)
	at java.desktop/javax.swing.plaf.basic.BasicMenuItemUI.installUI(BasicMenuItemUI.java:158)
	at java.desktop/javax.swing.JComponent.setUI(JComponent.java:740)
	at java.desktop/javax.swing.AbstractButton.setUI(AbstractButton.java:1758)
	at java.desktop/javax.swing.JMenuItem.setUI(JMenuItem.java:246)
	at java.desktop/javax.swing.JMenuItem.updateUI(JMenuItem.java:255)
	at java.desktop/javax.swing.JMenuItem.init(JMenuItem.java:220)
	at java.desktop/javax.swing.JMenuItem.<init>(JMenuItem.java:159)
	at java.desktop/javax.swing.JMenuItem.<init>(JMenuItem.java:136)
	at org.jfree.chart.ChartPanel.createPopupMenu(ChartPanel.java:3171)
	at org.jfree.chart.ChartPanel.<init>(ChartPanel.java:737)
	at org.jfree.chart.ChartPanel.<init>(ChartPanel.java:683)
	at org.jfree.chart.ChartPanel.<init>(ChartPanel.java:567)
	at PieChartPanel.run(PieChartPanel.java:26)
	at java.base/java.lang.Thread.run(Thread.java:1583)
Exception in thread "Thread-41" java.lang.ClassCastException: class javax.swing.plaf.nimbus.DerivedColor$UIResource cannot be cast to class java.lang.Boolean (javax.swing.plaf.nimbus.DerivedColor$UIResource is in module java.desktop of loader 'bootstrap'; java.lang.Boolean is in module java.base of loader 'bootstrap')
	at java.desktop/javax.swing.plaf.nimbus.NimbusStyle.isOpaque(NimbusStyle.java:621)
	at java.desktop/javax.swing.plaf.synth.SynthStyle.installDefaults(SynthStyle.java:947)
	at java.desktop/javax.swing.plaf.nimbus.NimbusStyle.installDefaults(NimbusStyle.java:236)
	at java.desktop/javax.swing.plaf.synth.SynthStyle.installDefaults(SynthStyle.java:918)
	at java.desktop/javax.swing.plaf.synth.SynthLookAndFeel.updateStyle(SynthLookAndFeel.java:297)
	at java.desktop/javax.swing.plaf.synth.SynthSeparatorUI.updateStyle(SynthSeparatorUI.java:99)
	at java.desktop/javax.swing.plaf.synth.SynthSeparatorUI.installDefaults(SynthSeparatorUI.java:92)
	at java.desktop/javax.swing.plaf.synth.SynthSeparatorUI.installUI(SynthSeparatorUI.java:71)
	at java.desktop/javax.swing.JComponent.setUI(JComponent.java:740)
	at java.desktop/javax.swing.JSeparator.setUI(JSeparator.java:130)
	at java.desktop/javax.swing.JSeparator.updateUI(JSeparator.java:139)
	at java.desktop/javax.swing.JSeparator.<init>(JSeparator.java:109)
	at java.desktop/javax.swing.JPopupMenu$Separator.<init>(JPopupMenu.java:1587)
	at java.desktop/javax.swing.JPopupMenu.addSeparator(JPopupMenu.java:567)
	at java.desktop/javax.swing.JMenu.addSeparator(JMenu.java:667)
	at org.jfree.chart.ChartPanel.createPopupMenu(ChartPanel.java:3176)
	at org.jfree.chart.ChartPanel.<init>(ChartPanel.java:737)
	at org.jfree.chart.ChartPanel.<init>(ChartPanel.java:683)
	at org.jfree.chart.ChartPanel.<init>(ChartPanel.java:567)
	at PieChartPanel.run(PieChartPanel.java:26)
	at java.base/java.lang.Thread.run(Thread.java:1583)
